info it worked if it ends with ok
verbose cli [ 'node', '/usr/local/bin/npm', 'update', '-g', 'yeoman' ]
info using npm@1.1.21
info using node@v0.8.12
verbose config file /Users/timkg/.npmrc
verbose config file /usr/local/etc/npmrc
verbose config file /usr/local/lib/node_modules/npm/npmrc
verbose caching /usr/local/lib/node_modules/grunt/package.json
verbose caching /usr/local/lib/node_modules/mocha/package.json
verbose caching /usr/local/lib/node_modules/yeoman/package.json
verbose caching /usr/local/lib/node_modules/npm/package.json
verbose loadDefaults npm@1.1.21
verbose caching /usr/local/lib/node_modules/grunt-jasmine/package.json
verbose caching /usr/local/lib/node_modules/grunt-jasmine-task/package.json
verbose caching /usr/local/lib/node_modules/n/package.json
verbose from cache /usr/local/lib/node_modules/grunt/package.json
verbose from cache /usr/local/lib/node_modules/mocha/package.json
verbose cache add [ 'yeoman', '*' ]
silly cache add: name, spec, args [ 'yeoman', '*', [ 'yeoman', '*' ] ]
verbose parsed url { pathname: '*', path: '*', href: '*' }
verbose addNamed [ 'yeoman', '*' ]
verbose addNamed [ null, '' ]
silly name, range, hasData [ 'yeoman', '', false ]
verbose from cache /usr/local/lib/node_modules/grunt-jasmine/package.json
verbose from cache /usr/local/lib/node_modules/grunt-jasmine-task/package.json
verbose from cache /usr/local/lib/node_modules/npm/package.json
verbose from cache /usr/local/lib/node_modules/n/package.json
verbose caching /usr/local/lib/node_modules/grunt/node_modules/connect/package.json
verbose caching /usr/local/lib/node_modules/grunt/node_modules/async/package.json
verbose caching /usr/local/lib/node_modules/grunt/node_modules/colors/package.json
verbose caching /usr/local/lib/node_modules/grunt/node_modules/dateformat/package.json
verbose caching /usr/local/lib/node_modules/grunt/node_modules/glob-whatev/package.json
verbose caching /usr/local/lib/node_modules/grunt/node_modules/gzip-js/package.json
verbose caching /usr/local/lib/node_modules/grunt/node_modules/hooker/package.json
verbose caching /usr/local/lib/node_modules/grunt/node_modules/nopt/package.json
verbose caching /usr/local/lib/node_modules/grunt/node_modules/jshint/package.json
verbose caching /usr/local/lib/node_modules/grunt/node_modules/nodeunit/package.json
verbose caching /usr/local/lib/node_modules/grunt/node_modules/prompt/package.json
verbose caching /usr/local/lib/node_modules/grunt/node_modules/temporary/package.json
verbose caching /usr/local/lib/node_modules/grunt/node_modules/semver/package.json
verbose raw, before any munging yeoman
verbose url resolving [ 'https://registry.npmjs.org/', './yeoman' ]
verbose url resolved https://registry.npmjs.org/yeoman
verbose etag "VP4PXCVAE21GOR5EOFQZX7B6"
http GET https://registry.npmjs.org/yeoman
verbose caching /usr/local/lib/node_modules/grunt/node_modules/underscore/package.json
verbose caching /usr/local/lib/node_modules/grunt/node_modules/underscore.string/package.json
verbose caching /usr/local/lib/node_modules/grunt/node_modules/uglify-js/package.json
verbose from cache /usr/local/lib/node_modules/grunt/node_modules/async/package.json
verbose from cache /usr/local/lib/node_modules/grunt/node_modules/colors/package.json
verbose from cache /usr/local/lib/node_modules/grunt/node_modules/connect/package.json
verbose from cache /usr/local/lib/node_modules/grunt/node_modules/dateformat/package.json
verbose from cache /usr/local/lib/node_modules/grunt/node_modules/glob-whatev/package.json
verbose from cache /usr/local/lib/node_modules/grunt/node_modules/hooker/package.json
verbose from cache /usr/local/lib/node_modules/grunt/node_modules/jshint/package.json
verbose from cache /usr/local/lib/node_modules/grunt/node_modules/nodeunit/package.json
verbose from cache /usr/local/lib/node_modules/grunt/node_modules/nopt/package.json
verbose from cache /usr/local/lib/node_modules/grunt/node_modules/prompt/package.json
verbose from cache /usr/local/lib/node_modules/grunt/node_modules/semver/package.json
verbose from cache /usr/local/lib/node_modules/grunt/node_modules/uglify-js/package.json
verbose from cache /usr/local/lib/node_modules/grunt/node_modules/underscore/package.json
verbose from cache /usr/local/lib/node_modules/grunt/node_modules/underscore.string/package.json
verbose from cache /usr/local/lib/node_modules/grunt/node_modules/temporary/package.json
verbose from cache /usr/local/lib/node_modules/grunt/node_modules/gzip-js/package.json
verbose caching /usr/local/lib/node_modules/mocha/node_modules/debug/package.json
verbose caching /usr/local/lib/node_modules/mocha/node_modules/commander/package.json
verbose caching /usr/local/lib/node_modules/mocha/node_modules/diff/package.json
verbose caching /usr/local/lib/node_modules/npm/node_modules/abbrev/package.json
verbose loadDefaults abbrev@1.0.3
verbose caching /usr/local/lib/node_modules/npm/node_modules/archy/package.json
verbose caching /usr/local/lib/node_modules/mocha/node_modules/growl/package.json
verbose caching /usr/local/lib/node_modules/npm/node_modules/block-stream/package.json
verbose loadDefaults block-stream@0.0.5
verbose caching /usr/local/lib/node_modules/npm/node_modules/chownr/package.json
verbose caching /usr/local/lib/node_modules/npm/node_modules/fstream/package.json
verbose caching /usr/local/lib/node_modules/npm/node_modules/fstream-npm/package.json
verbose caching /usr/local/lib/node_modules/npm/node_modules/inherits/package.json
verbose caching /usr/local/lib/node_modules/npm/node_modules/ini/package.json
verbose loadDefaults ini@1.0.2
verbose caching /usr/local/lib/node_modules/npm/node_modules/lru-cache/package.json
verbose loadDefaults lru-cache@1.0.5
verbose caching /usr/local/lib/node_modules/npm/node_modules/graceful-fs/package.json
verbose caching /usr/local/lib/node_modules/npm/node_modules/minimatch/package.json
verbose caching /usr/local/lib/node_modules/npm/node_modules/mkdirp/package.json
verbose caching /usr/local/lib/node_modules/mocha/node_modules/mkdirp/package.json
verbose caching /usr/local/lib/node_modules/mocha/node_modules/ms/package.json
verbose caching /usr/local/lib/node_modules/npm/node_modules/nopt/package.json
verbose loadDefaults nopt@1.0.10
verbose caching /usr/local/lib/node_modules/npm/node_modules/proto-list/package.json
verbose loadDefaults proto-list@1.0.0
verbose caching /usr/local/lib/node_modules/npm/node_modules/request/package.json
verbose caching /usr/local/lib/node_modules/npm/node_modules/semver/package.json
verbose loadDefaults semver@1.0.13
verbose caching /usr/local/lib/node_modules/mocha/node_modules/jade/package.json
verbose from cache /usr/local/lib/node_modules/mocha/node_modules/commander/package.json
verbose from cache /usr/local/lib/node_modules/mocha/node_modules/growl/package.json
verbose from cache /usr/local/lib/node_modules/mocha/node_modules/jade/package.json
verbose from cache /usr/local/lib/node_modules/mocha/node_modules/diff/package.json
verbose from cache /usr/local/lib/node_modules/mocha/node_modules/debug/package.json
verbose from cache /usr/local/lib/node_modules/mocha/node_modules/mkdirp/package.json
verbose from cache /usr/local/lib/node_modules/mocha/node_modules/ms/package.json
verbose caching /usr/local/lib/node_modules/npm/node_modules/tar/package.json
verbose caching /usr/local/lib/node_modules/npm/node_modules/uid-number/package.json
verbose caching /usr/local/lib/node_modules/npm/node_modules/which/package.json
verbose caching /usr/local/lib/node_modules/npm/node_modules/slide/package.json
verbose loadDefaults slide@1.1.3
verbose caching /usr/local/lib/node_modules/npm/node_modules/node-uuid/package.json
verbose loadDefaults node-uuid@1.3.3
verbose caching /usr/local/lib/node_modules/npm/node_modules/node-gyp/package.json
verbose caching /usr/local/lib/node_modules/npm/node_modules/read/package.json
verbose caching /usr/local/lib/node_modules/npm/node_modules/rimraf/package.json
verbose loadDefaults rimraf@2.0.1
verbose from cache /usr/local/lib/node_modules/npm/node_modules/semver/package.json
verbose from cache /usr/local/lib/node_modules/npm/node_modules/ini/package.json
verbose from cache /usr/local/lib/node_modules/npm/node_modules/slide/package.json
verbose from cache /usr/local/lib/node_modules/npm/node_modules/abbrev/package.json
verbose from cache /usr/local/lib/node_modules/npm/node_modules/graceful-fs/package.json
verbose from cache /usr/local/lib/node_modules/npm/node_modules/minimatch/package.json
verbose from cache /usr/local/lib/node_modules/npm/node_modules/nopt/package.json
verbose from cache /usr/local/lib/node_modules/npm/node_modules/node-uuid/package.json
verbose from cache /usr/local/lib/node_modules/npm/node_modules/proto-list/package.json
verbose from cache /usr/local/lib/node_modules/npm/node_modules/rimraf/package.json
verbose from cache /usr/local/lib/node_modules/npm/node_modules/request/package.json
verbose from cache /usr/local/lib/node_modules/npm/node_modules/which/package.json
verbose from cache /usr/local/lib/node_modules/npm/node_modules/tar/package.json
verbose from cache /usr/local/lib/node_modules/npm/node_modules/fstream/package.json
verbose from cache /usr/local/lib/node_modules/npm/node_modules/block-stream/package.json
verbose from cache /usr/local/lib/node_modules/npm/node_modules/inherits/package.json
verbose from cache /usr/local/lib/node_modules/npm/node_modules/mkdirp/package.json
verbose from cache /usr/local/lib/node_modules/npm/node_modules/read/package.json
verbose from cache /usr/local/lib/node_modules/npm/node_modules/lru-cache/package.json
verbose from cache /usr/local/lib/node_modules/npm/node_modules/node-gyp/package.json
verbose from cache /usr/local/lib/node_modules/npm/node_modules/fstream-npm/package.json
verbose from cache /usr/local/lib/node_modules/npm/node_modules/uid-number/package.json
verbose from cache /usr/local/lib/node_modules/npm/node_modules/archy/package.json
verbose from cache /usr/local/lib/node_modules/npm/node_modules/chownr/package.json
verbose caching /usr/local/lib/node_modules/grunt-jasmine/node_modules/grunt/package.json
verbose caching /usr/local/lib/node_modules/grunt-jasmine-task/node_modules/temporary/package.json
verbose from cache /usr/local/lib/node_modules/grunt-jasmine-task/node_modules/temporary/package.json
verbose caching /usr/local/lib/node_modules/grunt-jasmine/node_modules/jasmine-node/package.json
verbose from cache /usr/local/lib/node_modules/grunt-jasmine/node_modules/grunt/package.json
verbose from cache /usr/local/lib/node_modules/grunt-jasmine/node_modules/jasmine-node/package.json
verbose caching /usr/local/lib/node_modules/grunt/node_modules/connect/node_modules/cookie/package.json
verbose caching /usr/local/lib/node_modules/grunt/node_modules/connect/node_modules/crc/package.json
verbose caching /usr/local/lib/node_modules/grunt/node_modules/connect/node_modules/bytes/package.json
verbose caching /usr/local/lib/node_modules/grunt/node_modules/connect/node_modules/pause/package.json
verbose caching /usr/local/lib/node_modules/grunt/node_modules/connect/node_modules/fresh/package.json
verbose caching /usr/local/lib/node_modules/grunt/node_modules/connect/node_modules/debug/package.json
verbose caching /usr/local/lib/node_modules/grunt/node_modules/jshint/node_modules/minimatch/package.json
verbose caching /usr/local/lib/node_modules/grunt/node_modules/connect/node_modules/send/package.json
verbose caching /usr/local/lib/node_modules/grunt/node_modules/jshint/node_modules/cli/package.json
verbose from cache /usr/local/lib/node_modules/grunt/node_modules/jshint/node_modules/cli/package.json
verbose from cache /usr/local/lib/node_modules/grunt/node_modules/jshint/node_modules/minimatch/package.json
verbose caching /usr/local/lib/node_modules/grunt/node_modules/prompt/node_modules/winston/package.json
verbose caching /usr/local/lib/node_modules/grunt/node_modules/nopt/node_modules/abbrev/package.json
verbose from cache /usr/local/lib/node_modules/grunt/node_modules/nopt/node_modules/abbrev/package.json
verbose caching /usr/local/lib/node_modules/grunt/node_modules/glob-whatev/node_modules/minimatch/package.json
verbose from cache /usr/local/lib/node_modules/grunt/node_modules/glob-whatev/node_modules/minimatch/package.json
verbose caching /usr/local/lib/node_modules/grunt/node_modules/connect/node_modules/qs/package.json
verbose caching /usr/local/lib/node_modules/grunt/node_modules/connect/node_modules/formidable/package.json
verbose from cache /usr/local/lib/node_modules/grunt/node_modules/connect/node_modules/qs/package.json
verbose from cache /usr/local/lib/node_modules/grunt/node_modules/connect/node_modules/formidable/package.json
verbose from cache /usr/local/lib/node_modules/grunt/node_modules/connect/node_modules/crc/package.json
verbose from cache /usr/local/lib/node_modules/grunt/node_modules/connect/node_modules/cookie/package.json
verbose from cache /usr/local/lib/node_modules/grunt/node_modules/connect/node_modules/bytes/package.json
verbose from cache /usr/local/lib/node_modules/grunt/node_modules/connect/node_modules/send/package.json
verbose from cache /usr/local/lib/node_modules/grunt/node_modules/connect/node_modules/fresh/package.json
verbose from cache /usr/local/lib/node_modules/grunt/node_modules/connect/node_modules/pause/package.json
verbose from cache /usr/local/lib/node_modules/grunt/node_modules/connect/node_modules/debug/package.json
verbose caching /usr/local/lib/node_modules/grunt/node_modules/gzip-js/node_modules/crc32/package.json
verbose caching /usr/local/lib/node_modules/grunt/node_modules/prompt/node_modules/pkginfo/package.json
verbose from cache /usr/local/lib/node_modules/grunt/node_modules/prompt/node_modules/pkginfo/package.json
verbose from cache /usr/local/lib/node_modules/grunt/node_modules/prompt/node_modules/winston/package.json
verbose caching /usr/local/lib/node_modules/mocha/node_modules/jade/node_modules/mkdirp/package.json
verbose from cache /usr/local/lib/node_modules/mocha/node_modules/jade/node_modules/mkdirp/package.json
verbose caching /usr/local/lib/node_modules/grunt/node_modules/gzip-js/node_modules/deflate-js/package.json
verbose from cache /usr/local/lib/node_modules/grunt/node_modules/gzip-js/node_modules/crc32/package.json
verbose from cache /usr/local/lib/node_modules/grunt/node_modules/gzip-js/node_modules/deflate-js/package.json
verbose caching /usr/local/lib/node_modules/grunt/node_modules/temporary/node_modules/package/package.json
verbose from cache /usr/local/lib/node_modules/grunt/node_modules/temporary/node_modules/package/package.json
verbose caching /usr/local/lib/node_modules/npm/node_modules/fstream-npm/node_modules/fstream-ignore/package.json
verbose from cache /usr/local/lib/node_modules/npm/node_modules/fstream-npm/node_modules/fstream-ignore/package.json
verbose caching /usr/local/lib/node_modules/npm/node_modules/node-gyp/node_modules/ansi/package.json
verbose caching /usr/local/lib/node_modules/grunt/node_modules/nodeunit/node_modules/tap/package.json
verbose from cache /usr/local/lib/node_modules/grunt/node_modules/nodeunit/node_modules/tap/package.json
verbose caching /usr/local/lib/node_modules/npm/node_modules/node-gyp/node_modules/glob/package.json
verbose from cache /usr/local/lib/node_modules/npm/node_modules/node-gyp/node_modules/ansi/package.json
verbose from cache /usr/local/lib/node_modules/npm/node_modules/node-gyp/node_modules/glob/package.json
verbose caching /usr/local/lib/node_modules/grunt-jasmine/node_modules/grunt/node_modules/async/package.json
verbose caching /usr/local/lib/node_modules/grunt-jasmine/node_modules/grunt/node_modules/colors/package.json
verbose caching /usr/local/lib/node_modules/grunt-jasmine/node_modules/grunt/node_modules/connect/package.json
verbose caching /usr/local/lib/node_modules/grunt-jasmine/node_modules/grunt/node_modules/glob-whatev/package.json
verbose caching /usr/local/lib/node_modules/grunt-jasmine/node_modules/grunt/node_modules/dateformat/package.json
verbose caching /usr/local/lib/node_modules/grunt-jasmine/node_modules/grunt/node_modules/gzip-js/package.json
verbose caching /usr/local/lib/node_modules/grunt-jasmine/node_modules/grunt/node_modules/nopt/package.json
verbose caching /usr/local/lib/node_modules/grunt-jasmine/node_modules/grunt/node_modules/jshint/package.json
verbose caching /usr/local/lib/node_modules/grunt-jasmine/node_modules/grunt/node_modules/hooker/package.json
verbose caching /usr/local/lib/node_modules/grunt-jasmine/node_modules/grunt/node_modules/nodeunit/package.json
verbose caching /usr/local/lib/node_modules/grunt-jasmine/node_modules/grunt/node_modules/semver/package.json
verbose caching /usr/local/lib/node_modules/grunt-jasmine/node_modules/grunt/node_modules/prompt/package.json
verbose caching /usr/local/lib/node_modules/grunt-jasmine/node_modules/grunt/node_modules/temporary/package.json
verbose caching /usr/local/lib/node_modules/grunt-jasmine/node_modules/grunt/node_modules/uglify-js/package.json
verbose caching /usr/local/lib/node_modules/grunt-jasmine/node_modules/grunt/node_modules/underscore.string/package.json
verbose caching /usr/local/lib/node_modules/grunt-jasmine-task/node_modules/temporary/node_modules/package/package.json
verbose from cache /usr/local/lib/node_modules/grunt-jasmine-task/node_modules/temporary/node_modules/package/package.json
verbose caching /usr/local/lib/node_modules/grunt-jasmine/node_modules/jasmine-node/node_modules/coffee-script/package.json
verbose caching /usr/local/lib/node_modules/grunt-jasmine/node_modules/jasmine-node/node_modules/jasmine-reporters/package.json
verbose caching /usr/local/lib/node_modules/grunt-jasmine/node_modules/grunt/node_modules/underscore/package.json
verbose from cache /usr/local/lib/node_modules/grunt-jasmine/node_modules/grunt/node_modules/async/package.json
verbose from cache /usr/local/lib/node_modules/grunt-jasmine/node_modules/grunt/node_modules/colors/package.json
verbose from cache /usr/local/lib/node_modules/grunt-jasmine/node_modules/grunt/node_modules/connect/package.json
verbose from cache /usr/local/lib/node_modules/grunt-jasmine/node_modules/grunt/node_modules/dateformat/package.json
verbose from cache /usr/local/lib/node_modules/grunt-jasmine/node_modules/grunt/node_modules/glob-whatev/package.json
verbose from cache /usr/local/lib/node_modules/grunt-jasmine/node_modules/grunt/node_modules/hooker/package.json
verbose from cache /usr/local/lib/node_modules/grunt-jasmine/node_modules/grunt/node_modules/jshint/package.json
verbose from cache /usr/local/lib/node_modules/grunt-jasmine/node_modules/grunt/node_modules/nodeunit/package.json
verbose from cache /usr/local/lib/node_modules/grunt-jasmine/node_modules/grunt/node_modules/nopt/package.json
verbose from cache /usr/local/lib/node_modules/grunt-jasmine/node_modules/grunt/node_modules/prompt/package.json
verbose from cache /usr/local/lib/node_modules/grunt-jasmine/node_modules/grunt/node_modules/semver/package.json
verbose from cache /usr/local/lib/node_modules/grunt-jasmine/node_modules/grunt/node_modules/uglify-js/package.json
verbose from cache /usr/local/lib/node_modules/grunt-jasmine/node_modules/grunt/node_modules/underscore/package.json
verbose from cache /usr/local/lib/node_modules/grunt-jasmine/node_modules/grunt/node_modules/underscore.string/package.json
verbose from cache /usr/local/lib/node_modules/grunt-jasmine/node_modules/grunt/node_modules/temporary/package.json
verbose from cache /usr/local/lib/node_modules/grunt-jasmine/node_modules/grunt/node_modules/gzip-js/package.json
verbose caching /usr/local/lib/node_modules/grunt-jasmine/node_modules/jasmine-node/node_modules/requirejs/package.json
verbose caching /usr/local/lib/node_modules/grunt-jasmine/node_modules/jasmine-node/node_modules/walkdir/package.json
verbose caching /usr/local/lib/node_modules/grunt-jasmine/node_modules/jasmine-node/node_modules/underscore/package.json
verbose from cache /usr/local/lib/node_modules/grunt-jasmine/node_modules/jasmine-node/node_modules/coffee-script/package.json
verbose from cache /usr/local/lib/node_modules/grunt-jasmine/node_modules/jasmine-node/node_modules/jasmine-reporters/package.json
verbose from cache /usr/local/lib/node_modules/grunt-jasmine/node_modules/jasmine-node/node_modules/requirejs/package.json
verbose from cache /usr/local/lib/node_modules/grunt-jasmine/node_modules/jasmine-node/node_modules/walkdir/package.json
verbose from cache /usr/local/lib/node_modules/grunt-jasmine/node_modules/jasmine-node/node_modules/underscore/package.json
verbose caching /usr/local/lib/node_modules/grunt/node_modules/jshint/node_modules/cli/node_modules/glob/package.json
verbose from cache /usr/local/lib/node_modules/grunt/node_modules/jshint/node_modules/cli/node_modules/glob/package.json
verbose caching /usr/local/lib/node_modules/grunt/node_modules/glob-whatev/node_modules/minimatch/node_modules/sigmund/package.json
verbose caching /usr/local/lib/node_modules/grunt/node_modules/jshint/node_modules/minimatch/node_modules/lru-cache/package.json
verbose from cache /usr/local/lib/node_modules/grunt/node_modules/jshint/node_modules/minimatch/node_modules/lru-cache/package.json
verbose caching /usr/local/lib/node_modules/grunt/node_modules/connect/node_modules/send/node_modules/range-parser/package.json
verbose caching /usr/local/lib/node_modules/grunt/node_modules/connect/node_modules/send/node_modules/mime/package.json
verbose from cache /usr/local/lib/node_modules/grunt/node_modules/connect/node_modules/send/node_modules/mime/package.json
verbose from cache /usr/local/lib/node_modules/grunt/node_modules/connect/node_modules/send/node_modules/range-parser/package.json
verbose caching /usr/local/lib/node_modules/grunt/node_modules/prompt/node_modules/winston/node_modules/loggly/package.json
verbose caching /usr/local/lib/node_modules/grunt/node_modules/prompt/node_modules/winston/node_modules/eyes/package.json
verbose caching /usr/local/lib/node_modules/grunt/node_modules/prompt/node_modules/winston/node_modules/stack-trace/package.json
verbose from cache /usr/local/lib/node_modules/grunt/node_modules/prompt/node_modules/winston/node_modules/eyes/package.json
verbose from cache /usr/local/lib/node_modules/grunt/node_modules/prompt/node_modules/winston/node_modules/loggly/package.json
verbose from cache /usr/local/lib/node_modules/grunt/node_modules/prompt/node_modules/winston/node_modules/stack-trace/package.json
verbose caching /usr/local/lib/node_modules/grunt/node_modules/nodeunit/node_modules/tap/node_modules/deep-equal/package.json
verbose caching /usr/local/lib/node_modules/grunt/node_modules/nodeunit/node_modules/tap/node_modules/buffer-equal/package.json
verbose caching /usr/local/lib/node_modules/grunt/node_modules/nodeunit/node_modules/tap/node_modules/difflet/package.json
verbose caching /usr/local/lib/node_modules/grunt/node_modules/nodeunit/node_modules/tap/node_modules/mkdirp/package.json
verbose caching /usr/local/lib/node_modules/grunt/node_modules/nodeunit/node_modules/tap/node_modules/nopt/package.json
verbose caching /usr/local/lib/node_modules/grunt/node_modules/nodeunit/node_modules/tap/node_modules/inherits/package.json
verbose loadDefaults inherits@1.0.0
verbose caching /usr/local/lib/node_modules/grunt/node_modules/nodeunit/node_modules/tap/node_modules/runforcover/package.json
verbose caching /usr/local/lib/node_modules/grunt/node_modules/nodeunit/node_modules/tap/node_modules/slide/package.json
verbose caching /usr/local/lib/node_modules/grunt/node_modules/glob-whatev/node_modules/minimatch/node_modules/lru-cache/package.json
verbose from cache /usr/local/lib/node_modules/grunt/node_modules/glob-whatev/node_modules/minimatch/node_modules/lru-cache/package.json
verbose from cache /usr/local/lib/node_modules/grunt/node_modules/glob-whatev/node_modules/minimatch/node_modules/sigmund/package.json
verbose caching /usr/local/lib/node_modules/grunt/node_modules/nodeunit/node_modules/tap/node_modules/yamlish/package.json
verbose loadDefaults yamlish@0.0.5
verbose from cache /usr/local/lib/node_modules/grunt/node_modules/nodeunit/node_modules/tap/node_modules/inherits/package.json
verbose from cache /usr/local/lib/node_modules/grunt/node_modules/nodeunit/node_modules/tap/node_modules/yamlish/package.json
verbose from cache /usr/local/lib/node_modules/grunt/node_modules/nodeunit/node_modules/tap/node_modules/slide/package.json
verbose from cache /usr/local/lib/node_modules/grunt/node_modules/nodeunit/node_modules/tap/node_modules/runforcover/package.json
verbose from cache /usr/local/lib/node_modules/grunt/node_modules/nodeunit/node_modules/tap/node_modules/nopt/package.json
verbose from cache /usr/local/lib/node_modules/grunt/node_modules/nodeunit/node_modules/tap/node_modules/mkdirp/package.json
verbose from cache /usr/local/lib/node_modules/grunt/node_modules/nodeunit/node_modules/tap/node_modules/difflet/package.json
verbose from cache /usr/local/lib/node_modules/grunt/node_modules/nodeunit/node_modules/tap/node_modules/deep-equal/package.json
verbose from cache /usr/local/lib/node_modules/grunt/node_modules/nodeunit/node_modules/tap/node_modules/buffer-equal/package.json
verbose caching /usr/local/lib/node_modules/grunt-jasmine/node_modules/grunt/node_modules/connect/node_modules/bytes/package.json
verbose caching /usr/local/lib/node_modules/grunt-jasmine/node_modules/grunt/node_modules/connect/node_modules/crc/package.json
verbose caching /usr/local/lib/node_modules/grunt-jasmine/node_modules/grunt/node_modules/connect/node_modules/cookie/package.json
verbose caching /usr/local/lib/node_modules/grunt-jasmine/node_modules/grunt/node_modules/connect/node_modules/formidable/package.json
verbose caching /usr/local/lib/node_modules/grunt-jasmine/node_modules/grunt/node_modules/connect/node_modules/fresh/package.json
verbose caching /usr/local/lib/node_modules/grunt-jasmine/node_modules/grunt/node_modules/connect/node_modules/debug/package.json
verbose caching /usr/local/lib/node_modules/grunt-jasmine/node_modules/grunt/node_modules/connect/node_modules/qs/package.json
verbose caching /usr/local/lib/node_modules/grunt-jasmine/node_modules/grunt/node_modules/connect/node_modules/send/package.json
verbose from cache /usr/local/lib/node_modules/grunt-jasmine/node_modules/grunt/node_modules/connect/node_modules/qs/package.json
verbose from cache /usr/local/lib/node_modules/grunt-jasmine/node_modules/grunt/node_modules/connect/node_modules/formidable/package.json
verbose from cache /usr/local/lib/node_modules/grunt-jasmine/node_modules/grunt/node_modules/connect/node_modules/crc/package.json
verbose from cache /usr/local/lib/node_modules/grunt-jasmine/node_modules/grunt/node_modules/connect/node_modules/cookie/package.json
verbose from cache /usr/local/lib/node_modules/grunt-jasmine/node_modules/grunt/node_modules/connect/node_modules/bytes/package.json
verbose from cache /usr/local/lib/node_modules/grunt-jasmine/node_modules/grunt/node_modules/connect/node_modules/send/package.json
verbose from cache /usr/local/lib/node_modules/grunt-jasmine/node_modules/grunt/node_modules/connect/node_modules/fresh/package.json
verbose from cache /usr/local/lib/node_modules/grunt-jasmine/node_modules/grunt/node_modules/connect/node_modules/debug/package.json
verbose caching /usr/local/lib/node_modules/grunt-jasmine/node_modules/grunt/node_modules/nodeunit/node_modules/tap-producer/package.json
verbose caching /usr/local/lib/node_modules/grunt-jasmine/node_modules/grunt/node_modules/jshint/node_modules/minimatch/package.json
verbose caching /usr/local/lib/node_modules/grunt-jasmine/node_modules/grunt/node_modules/glob-whatev/node_modules/minimatch/package.json
verbose from cache /usr/local/lib/node_modules/grunt-jasmine/node_modules/grunt/node_modules/glob-whatev/node_modules/minimatch/package.json
verbose caching /usr/local/lib/node_modules/grunt-jasmine/node_modules/grunt/node_modules/prompt/node_modules/pkginfo/package.json
verbose caching /usr/local/lib/node_modules/grunt-jasmine/node_modules/grunt/node_modules/jshint/node_modules/argsparser/package.json
verbose from cache /usr/local/lib/node_modules/grunt-jasmine/node_modules/grunt/node_modules/jshint/node_modules/argsparser/package.json
verbose from cache /usr/local/lib/node_modules/grunt-jasmine/node_modules/grunt/node_modules/jshint/node_modules/minimatch/package.json
verbose caching /usr/local/lib/node_modules/grunt-jasmine/node_modules/grunt/node_modules/nopt/node_modules/abbrev/package.json
verbose from cache /usr/local/lib/node_modules/grunt-jasmine/node_modules/grunt/node_modules/nopt/node_modules/abbrev/package.json
verbose caching /usr/local/lib/node_modules/grunt-jasmine/node_modules/grunt/node_modules/temporary/node_modules/package/package.json
verbose from cache /usr/local/lib/node_modules/grunt-jasmine/node_modules/grunt/node_modules/temporary/node_modules/package/package.json
verbose caching /usr/local/lib/node_modules/grunt-jasmine/node_modules/grunt/node_modules/prompt/node_modules/winston/package.json
verbose from cache /usr/local/lib/node_modules/grunt-jasmine/node_modules/grunt/node_modules/prompt/node_modules/pkginfo/package.json
verbose from cache /usr/local/lib/node_modules/grunt-jasmine/node_modules/grunt/node_modules/prompt/node_modules/winston/package.json
verbose caching /usr/local/lib/node_modules/grunt-jasmine/node_modules/grunt/node_modules/gzip-js/node_modules/crc32/package.json
verbose caching /usr/local/lib/node_modules/grunt-jasmine/node_modules/grunt/node_modules/gzip-js/node_modules/deflate-js/package.json
verbose from cache /usr/local/lib/node_modules/grunt-jasmine/node_modules/grunt/node_modules/gzip-js/node_modules/crc32/package.json
verbose from cache /usr/local/lib/node_modules/grunt-jasmine/node_modules/grunt/node_modules/gzip-js/node_modules/deflate-js/package.json
verbose caching /usr/local/lib/node_modules/grunt/node_modules/jshint/node_modules/cli/node_modules/glob/node_modules/inherits/package.json
verbose caching /usr/local/lib/node_modules/grunt/node_modules/jshint/node_modules/cli/node_modules/glob/node_modules/graceful-fs/package.json
verbose caching /usr/local/lib/node_modules/grunt/node_modules/jshint/node_modules/cli/node_modules/glob/node_modules/minimatch/package.json
verbose from cache /usr/local/lib/node_modules/grunt/node_modules/jshint/node_modules/cli/node_modules/glob/node_modules/minimatch/package.json
verbose from cache /usr/local/lib/node_modules/grunt/node_modules/jshint/node_modules/cli/node_modules/glob/node_modules/graceful-fs/package.json
verbose from cache /usr/local/lib/node_modules/grunt/node_modules/jshint/node_modules/cli/node_modules/glob/node_modules/inherits/package.json
verbose caching /usr/local/lib/node_modules/grunt-jasmine/node_modules/grunt/node_modules/nodeunit/node_modules/tap-assert/package.json
verbose from cache /usr/local/lib/node_modules/grunt-jasmine/node_modules/grunt/node_modules/nodeunit/node_modules/tap-assert/package.json
verbose from cache /usr/local/lib/node_modules/grunt-jasmine/node_modules/grunt/node_modules/nodeunit/node_modules/tap-producer/package.json
verbose caching /usr/local/lib/node_modules/grunt/node_modules/prompt/node_modules/winston/node_modules/loggly/node_modules/request/package.json
verbose caching /usr/local/lib/node_modules/grunt/node_modules/prompt/node_modules/winston/node_modules/loggly/node_modules/timespan/package.json
verbose from cache /usr/local/lib/node_modules/grunt/node_modules/prompt/node_modules/winston/node_modules/loggly/node_modules/request/package.json
verbose from cache /usr/local/lib/node_modules/grunt/node_modules/prompt/node_modules/winston/node_modules/loggly/node_modules/timespan/package.json
verbose caching /usr/local/lib/node_modules/grunt/node_modules/nodeunit/node_modules/tap/node_modules/nopt/node_modules/abbrev/package.json
verbose from cache /usr/local/lib/node_modules/grunt/node_modules/nodeunit/node_modules/tap/node_modules/nopt/node_modules/abbrev/package.json
verbose caching /usr/local/lib/node_modules/grunt/node_modules/nodeunit/node_modules/tap/node_modules/runforcover/node_modules/bunker/package.json
verbose from cache /usr/local/lib/node_modules/grunt/node_modules/nodeunit/node_modules/tap/node_modules/runforcover/node_modules/bunker/package.json
verbose caching /usr/local/lib/node_modules/grunt/node_modules/nodeunit/node_modules/tap/node_modules/difflet/node_modules/charm/package.json
verbose caching /usr/local/lib/node_modules/grunt/node_modules/nodeunit/node_modules/tap/node_modules/difflet/node_modules/traverse/package.json
verbose from cache /usr/local/lib/node_modules/grunt/node_modules/nodeunit/node_modules/tap/node_modules/difflet/node_modules/traverse/package.json
verbose from cache /usr/local/lib/node_modules/grunt/node_modules/nodeunit/node_modules/tap/node_modules/difflet/node_modules/charm/package.json
verbose caching /usr/local/lib/node_modules/grunt-jasmine/node_modules/grunt/node_modules/connect/node_modules/send/node_modules/mime/package.json
verbose caching /usr/local/lib/node_modules/grunt-jasmine/node_modules/grunt/node_modules/prompt/node_modules/winston/node_modules/eyes/package.json
verbose caching /usr/local/lib/node_modules/grunt-jasmine/node_modules/grunt/node_modules/connect/node_modules/send/node_modules/range-parser/package.json
verbose from cache /usr/local/lib/node_modules/grunt-jasmine/node_modules/grunt/node_modules/connect/node_modules/send/node_modules/mime/package.json
verbose from cache /usr/local/lib/node_modules/grunt-jasmine/node_modules/grunt/node_modules/connect/node_modules/send/node_modules/range-parser/package.json
verbose caching /usr/local/lib/node_modules/grunt-jasmine/node_modules/grunt/node_modules/prompt/node_modules/winston/node_modules/stack-trace/package.json
verbose caching /usr/local/lib/node_modules/grunt-jasmine/node_modules/grunt/node_modules/prompt/node_modules/winston/node_modules/loggly/package.json
verbose from cache /usr/local/lib/node_modules/grunt-jasmine/node_modules/grunt/node_modules/prompt/node_modules/winston/node_modules/eyes/package.json
verbose from cache /usr/local/lib/node_modules/grunt-jasmine/node_modules/grunt/node_modules/prompt/node_modules/winston/node_modules/loggly/package.json
verbose from cache /usr/local/lib/node_modules/grunt-jasmine/node_modules/grunt/node_modules/prompt/node_modules/winston/node_modules/stack-trace/package.json
verbose caching /usr/local/lib/node_modules/grunt-jasmine/node_modules/grunt/node_modules/glob-whatev/node_modules/minimatch/node_modules/lru-cache/package.json
verbose from cache /usr/local/lib/node_modules/grunt-jasmine/node_modules/grunt/node_modules/glob-whatev/node_modules/minimatch/node_modules/lru-cache/package.json
verbose caching /usr/local/lib/node_modules/grunt-jasmine/node_modules/grunt/node_modules/jshint/node_modules/minimatch/node_modules/lru-cache/package.json
verbose from cache /usr/local/lib/node_modules/grunt-jasmine/node_modules/grunt/node_modules/jshint/node_modules/minimatch/node_modules/lru-cache/package.json
verbose caching /usr/local/lib/node_modules/grunt-jasmine/node_modules/grunt/node_modules/nodeunit/node_modules/tap-producer/node_modules/tap-results/package.json
verbose caching /usr/local/lib/node_modules/grunt-jasmine/node_modules/grunt/node_modules/nodeunit/node_modules/tap-producer/node_modules/inherits/package.json
verbose caching /usr/local/lib/node_modules/grunt-jasmine/node_modules/grunt/node_modules/nodeunit/node_modules/tap-producer/node_modules/yamlish/package.json
verbose from cache /usr/local/lib/node_modules/grunt-jasmine/node_modules/grunt/node_modules/nodeunit/node_modules/tap-producer/node_modules/inherits/package.json
verbose from cache /usr/local/lib/node_modules/grunt-jasmine/node_modules/grunt/node_modules/nodeunit/node_modules/tap-producer/node_modules/tap-results/package.json
verbose from cache /usr/local/lib/node_modules/grunt-jasmine/node_modules/grunt/node_modules/nodeunit/node_modules/tap-producer/node_modules/yamlish/package.json
verbose caching /usr/local/lib/node_modules/grunt/node_modules/jshint/node_modules/cli/node_modules/glob/node_modules/minimatch/node_modules/sigmund/package.json
verbose caching /usr/local/lib/node_modules/grunt/node_modules/nodeunit/node_modules/tap/node_modules/runforcover/node_modules/bunker/node_modules/burrito/package.json
verbose from cache /usr/local/lib/node_modules/grunt/node_modules/nodeunit/node_modules/tap/node_modules/runforcover/node_modules/bunker/node_modules/burrito/package.json
verbose caching /usr/local/lib/node_modules/grunt-jasmine/node_modules/grunt/node_modules/prompt/node_modules/winston/node_modules/loggly/node_modules/request/package.json
verbose caching /usr/local/lib/node_modules/grunt-jasmine/node_modules/grunt/node_modules/prompt/node_modules/winston/node_modules/loggly/node_modules/timespan/package.json
verbose from cache /usr/local/lib/node_modules/grunt-jasmine/node_modules/grunt/node_modules/prompt/node_modules/winston/node_modules/loggly/node_modules/request/package.json
verbose from cache /usr/local/lib/node_modules/grunt-jasmine/node_modules/grunt/node_modules/prompt/node_modules/winston/node_modules/loggly/node_modules/timespan/package.json
verbose caching /usr/local/lib/node_modules/grunt/node_modules/jshint/node_modules/cli/node_modules/glob/node_modules/minimatch/node_modules/lru-cache/package.json
verbose from cache /usr/local/lib/node_modules/grunt/node_modules/jshint/node_modules/cli/node_modules/glob/node_modules/minimatch/node_modules/lru-cache/package.json
verbose from cache /usr/local/lib/node_modules/grunt/node_modules/jshint/node_modules/cli/node_modules/glob/node_modules/minimatch/node_modules/sigmund/package.json
verbose caching /usr/local/lib/node_modules/grunt/node_modules/nodeunit/node_modules/tap/node_modules/runforcover/node_modules/bunker/node_modules/burrito/node_modules/traverse/package.json
verbose caching /usr/local/lib/node_modules/grunt/node_modules/nodeunit/node_modules/tap/node_modules/runforcover/node_modules/bunker/node_modules/burrito/node_modules/uglify-js/package.json
verbose from cache /usr/local/lib/node_modules/grunt/node_modules/nodeunit/node_modules/tap/node_modules/runforcover/node_modules/bunker/node_modules/burrito/node_modules/traverse/package.json
verbose from cache /usr/local/lib/node_modules/grunt/node_modules/nodeunit/node_modules/tap/node_modules/runforcover/node_modules/bunker/node_modules/burrito/node_modules/uglify-js/package.json
http 304 https://registry.npmjs.org/yeoman
silly get cb [ 304,
silly get cb   { server: 'CouchDB/1.2.1 (Erlang OTP/R15B)',
silly get cb     etag: '"VP4PXCVAE21GOR5EOFQZX7B6"',
silly get cb     date: 'Wed, 16 Jan 2013 08:09:01 GMT',
silly get cb     'content-length': '0' } ]
verbose etag yeoman from cache
silly name, range, hasData 2 [ 'yeoman', '', true ]
silly versions [ 'yeoman',
silly versions   [ '0.0.1',
silly versions     '0.7.0',
silly versions     '0.7.1',
silly versions     '0.7.2',
silly versions     '0.7.3',
silly versions     '0.9.0',
silly versions     '0.9.1',
silly versions     '0.9.2',
silly versions     '0.9.3',
silly versions     '0.9.4',
silly versions     '0.9.5',
silly versions     '0.9.6' ] ]
verbose bin dist [ '0.8-ares1.7.5-DEV-evundefined-openssl1.0.0f-v83.11.10.22-darwin-x64-12.2.0',
verbose bin dist   { shasum: '2e80fda9f0b2c77392798012dbb10f696e7c5c26',
verbose bin dist     tarball: 'http://registry.npmjs.org/yeoman/-/yeoman-0.9.6.tgz' } ]
verbose caching /Users/timkg/.npm/yeoman/0.9.6/package/package.json
verbose loadDefaults yeoman@0.9.6
info outdated updating [ [ '/usr/local/lib', 'yeoman', '0.9.4', '0.9.6' ] ]
verbose install(where, what) [ '/usr/local/lib', [ 'yeoman@0.9.6' ] ]
verbose cache add [ 'yeoman@0.9.6', null ]
silly cache add: name, spec, args [ undefined, 'yeoman@0.9.6', [ 'yeoman@0.9.6', null ] ]
verbose parsed url { pathname: 'yeoman@0.9.6',
verbose parsed url   path: 'yeoman@0.9.6',
verbose parsed url   href: 'yeoman@0.9.6' }
silly cache add: name, spec, args [ 'yeoman', '0.9.6', [ 'yeoman', '0.9.6' ] ]
verbose parsed url { pathname: '0.9.6', path: '0.9.6', href: '0.9.6' }
verbose addNamed [ 'yeoman', '0.9.6' ]
verbose addNamed [ '0.9.6', '0.9.6' ]
verbose raw, before any munging yeoman/0.9.6
verbose url resolving [ 'https://registry.npmjs.org/', './yeoman/0.9.6' ]
verbose url resolved https://registry.npmjs.org/yeoman/0.9.6
verbose etag "VP4PXCVAE21GOR5EOFQZX7B6"
http GET https://registry.npmjs.org/yeoman/0.9.6
http 304 https://registry.npmjs.org/yeoman/0.9.6
silly get cb [ 304,
silly get cb   { server: 'CouchDB/1.2.1 (Erlang OTP/R15B)',
silly get cb     etag: '"VP4PXCVAE21GOR5EOFQZX7B6"',
silly get cb     date: 'Wed, 16 Jan 2013 08:09:03 GMT',
silly get cb     'content-length': '0' } ]
verbose etag yeoman/0.9.6 from cache
verbose bin dist [ '0.8-ares1.7.5-DEV-evundefined-openssl1.0.0f-v83.11.10.22-darwin-x64-12.2.0',
verbose bin dist   { shasum: '2e80fda9f0b2c77392798012dbb10f696e7c5c26',
verbose bin dist     tarball: 'http://registry.npmjs.org/yeoman/-/yeoman-0.9.6.tgz' } ]
verbose from cache /Users/timkg/.npm/yeoman/0.9.6/package/package.json
silly resolved [ { name: 'yeoman',
silly resolved     version: '0.9.6',
silly resolved     description: 'The Yeoman CLI presents a command line interface for creating, building, maintaining, and shipping a project.',
silly resolved     keywords: 
silly resolved      [ 'front-end',
silly resolved        'development',
silly resolved        'dev',
silly resolved        'build',
silly resolved        'web',
silly resolved        'tool',
silly resolved        'cli',
silly resolved        'scaffold',
silly resolved        'stack' ],
silly resolved     homepage: 'http://yeoman.io',
silly resolved     bugs: { name: 'https://github.com/yeoman/yeoman/issues' },
silly resolved     author: { name: 'Chrome Developer Relations' },
silly resolved     main: './yeoman',
silly resolved     bin: 
silly resolved      { yeoman: './bin/yeoman',
silly resolved        _yeomaninsight: './bin/yeomaninsight.py' },
silly resolved     directories: { man: './man' },
silly resolved     repository: { type: 'git', url: 'git://github.com/yeoman/yeoman.git' },
silly resolved     scripts: 
silly resolved      { test: 'node node_modules/mocha/bin/mocha test/test-*.js',
silly resolved        manpages: './scripts/docs-build' },
silly resolved     dependencies: 
silly resolved      { grunt: 'http://github.com/cowboy/grunt/archive/0ba6d4b529.tar.gz',
silly resolved        'yeoman-generators': 'http://github.com/yeoman/generators/archive/0.9.5.tar.gz',
silly resolved        bower: '~0.3.0',
silly resolved        open: '0.0.2',
silly resolved        rimraf: '~2.0.1',
silly resolved        mkdirp: '~0.3.1',
silly resolved        requirejs: '~2.0.2',
silly resolved        'clean-css': '~0.3.2',
silly resolved        connect: '~2.2.1',
silly resolved        request: '~2.9.200',
silly resolved        'html-minifier': '~0.4.5',
silly resolved        which: '~1.0.5',
silly resolved        cheerio: '~0.9.2',
silly resolved        fstream: '~0.1.18',
silly resolved        'fstream-ignore': '0.0.5',
silly resolved        tar: '~0.1.13',
silly resolved        'coffee-script': '~1.3.3',
silly resolved        'grunt-jasmine-task': '~0.2.2',
silly resolved        'faye-websocket': '~0.4.2',
silly resolved        shelljs: '~0.0.6',
silly resolved        prompt: '~0.1.12',
silly resolved        colors: '~0.6.0',
silly resolved        'grunt-mocha': '~0.1.3',
silly resolved        'es6-collections': '>=0.2.0',
silly resolved        'grunt-contrib-coffee': '~0.3.1' },
silly resolved     devDependencies: { mocha: '~1.4.0', ronn: '~0.3.8' },
silly resolved     engines: { node: '>=0.8.0' },
silly resolved     _id: 'yeoman@0.9.6',
silly resolved     optionalDependencies: {},
silly resolved     _engineSupported: true,
silly resolved     _npmVersion: '1.1.21',
silly resolved     _nodeVersion: 'v0.8.12',
silly resolved     _defaultsLoaded: true,
silly resolved     man: 
silly resolved      [ 'man/bower.1',
silly resolved        'man/build.1',
silly resolved        'man/faq.1',
silly resolved        'man/folders.1',
silly resolved        'man/gruntfile.1',
silly resolved        'man/init.1',
silly resolved        'man/insight.1',
silly resolved        'man/serve.1',
silly resolved        'man/server.1',
silly resolved        'man/test.1',
silly resolved        'man/yeoman.1' ],
silly resolved     _from: 'yeoman@0.9.6' } ]
info into /usr/local/lib yeoman@0.9.6
info installOne yeoman@0.9.6
verbose from cache /Users/timkg/.npm/yeoman/0.9.6/package/package.json
info unbuild /usr/local/lib/node_modules/yeoman
verbose from cache /usr/local/lib/node_modules/yeoman/package.json
info preuninstall yeoman@0.9.4
info uninstall yeoman@0.9.4
verbose unbuild yeoman@0.9.4 [ true,
verbose unbuild yeoman@0.9.4   '/usr/local/lib/node_modules',
verbose unbuild yeoman@0.9.4   '/usr/local/lib/node_modules' ]
verbose binRoot [ '/usr/local/bin',
verbose binRoot   { yeoman: './bin/yeoman',
verbose binRoot     _yeomaninsight: './bin/yeomaninsight.py' } ]
info unbuild /usr/local/lib/node_modules/yeoman
verbose caching /usr/local/lib/node_modules/yeoman/package.json
info preuninstall yeoman@0.9.4
info uninstall yeoman@0.9.4
verbose unbuild yeoman@0.9.4 [ true,
verbose unbuild yeoman@0.9.4   '/usr/local/lib/node_modules',
verbose unbuild yeoman@0.9.4   '/usr/local/lib/node_modules' ]
verbose binRoot [ '/usr/local/bin',
verbose binRoot   { yeoman: './bin/yeoman',
verbose binRoot     _yeomaninsight: './bin/yeomaninsight.py' } ]
ERR! error rolling back yeoman@0.9.6 Error: EPERM, chmod '/usr/local/bin/yeoman'
ERR! Error: EPERM, chmod '/usr/local/bin/yeoman'
ERR! 
ERR! Please try running this command again as root/Administrator.
ERR! 
ERR! System Darwin 12.2.0
ERR! command "node" "/usr/local/bin/npm" "update" "-g" "yeoman"
ERR! cwd /Users/timkg/Projects/gameprojects/browserwars
ERR! node -v v0.8.12
ERR! npm -v 1.1.21
ERR! path /usr/local/bin/yeoman
ERR! code EPERM
ERR! message EPERM, chmod '/usr/local/bin/yeoman'
ERR! errno {}
verbose exit [ 1, true ]
